Running script
Observation space: Box(0.0, 1.0, (3, 64, 64), float32)
Action space: 15
Step: 8192	Mean reward: 3.75
Step: 16384	Mean reward: 3.8125
Step: 24576	Mean reward: 3.21875
Step: 32768	Mean reward: 3.78125
Step: 40960	Mean reward: 4.0625
Step: 49152	Mean reward: 2.84375
Step: 57344	Mean reward: 4.03125
Step: 65536	Mean reward: 3.25
Step: 73728	Mean reward: 3.25
Step: 81920	Mean reward: 3.90625
Step: 90112	Mean reward: 3.375

------------------------------------------------------------
Sender: LSF System <lsfadmin@n-62-20-16>
Subject: Job 8411700: <myJob> in cluster <dcc> Exited

Job <myJob> was submitted from host <gbarlogin2> by user <s153999> in cluster <dcc> at Sun Nov 22 15:18:06 2020
Job was executed on host(s) <n-62-20-16>, in queue <gpuv100>, as user <s153999> in cluster <dcc> at Sun Nov 22 15:18:08 2020
</zhome/bb/1/109600> was used as the home directory.
</zhome/bb/1/109600/DeepLearning/DeepLearningProject> was used as the working directory.
Started at Sun Nov 22 15:18:08 2020
Terminated at Sun Nov 22 15:20:17 2020
Results reported at Sun Nov 22 15:20:17 2020

Your job looked like:

------------------------------------------------------------
# LSBATCH: User input
#!/bin/sh
#BSUB -q gpuv100
#BSUB -gpu "num=1"
#BSUB -J myJob
#BSUB -n 1
#BSUB -W 10:00
#BSUB -R "rusage[mem=32GB]"
#BSUB -o %J.out
#BSUB -e %J.err

module load python3/3.8.0
module load cuda/8.0
module load cudnn/v7.0-prod-cuda8

unset PYTHONHOME
unset PYTHONPATH

export PATH="$HOME/.local/bin:$PATH"

cd ~/DeepLearning/DeepLearningProject

echo "Running script"
python3 training.py

------------------------------------------------------------

TERM_OWNER: job killed by owner.
Exited with exit code 130.

Resource usage summary:

    CPU time :                                   121.68 sec.
    Max Memory :                                 9057 MB
    Average Memory :                             7131.33 MB
    Total Requested Memory :                     32768.00 MB
    Delta Memory :                               23711.00 MB
    Max Swap :                                   -
    Max Processes :                              4
    Max Threads :                                13
    Run time :                                   237 sec.
    Turnaround time :                            131 sec.

The output (if any) is above this job summary.



PS:

Read file <8411700.err> for stderr output of this job.

