Loaded module: python3/3.8.0
Loaded module: cuda/8.0
Loaded module: cudnn/v7.0-prod-cuda8
Loaded module: ffmpeg/4.2.2
python3/3.8.0 is already loaded.
cuda/8.0 is already loaded.
cudnn/v7.0-prod-cuda8 is already loaded.
Traceback (most recent call last):
  File "training.py", line 58, in <module>
    next_obs, reward, done, info = env.step(action)
  File "/zhome/bb/1/109600/DeepLearning/DeepLearningProject/utils.py", line 257, in step
    return self.step_wait()
  File "/zhome/bb/1/109600/DeepLearning/DeepLearningProject/utils.py", line 530, in step_wait
    obs, reward, done, info = self.venv.step_wait()
  File "/zhome/bb/1/109600/DeepLearning/DeepLearningProject/utils.py", line 512, in step_wait
    obs, reward, done, info = self.venv.step_wait()
  File "/zhome/bb/1/109600/DeepLearning/DeepLearningProject/utils.py", line 497, in step_wait
    obs, reward, done, info = self.venv.step_wait()
  File "/zhome/bb/1/109600/DeepLearning/DeepLearningProject/utils.py", line 465, in step_wait
    obs, rews, news, infos = self.venv.step_wait()
  File "/zhome/bb/1/109600/DeepLearning/DeepLearningProject/utils.py", line 338, in step_wait
    obs, rews, dones, infos = self.venv.step_wait()
  File "/zhome/bb/1/109600/.local/lib/python3.8/site-packages/gym3/interop.py", line 324, in step_wait
    return ob, rew, first, self.env.get_info()
  File "/zhome/bb/1/109600/.local/lib/python3.8/site-packages/gym3/libenv.py", line 366, in get_info
    info = self._maybe_copy_dict(self._info)
  File "/zhome/bb/1/109600/.local/lib/python3.8/site-packages/gym3/libenv.py", line 291, in _maybe_copy_dict
    result[name] = arr.copy()
KeyboardInterrupt
