Running script
Observation space: Box(0.0, 1.0, (3, 64, 64), float32)
Action space: 15
Step: 8192	Mean reward: 0.625
Step: 16384	Mean reward: 0.625
Step: 24576	Mean reward: 1.25
Step: 32768	Mean reward: 0.625
Step: 40960	Mean reward: 0.625
Step: 49152	Mean reward: 1.25
Step: 57344	Mean reward: 2.1875
Step: 65536	Mean reward: 1.5625
Step: 73728	Mean reward: 1.875
Step: 81920	Mean reward: 1.5625
Step: 90112	Mean reward: 3.75
Step: 98304	Mean reward: 4.0625
Step: 106496	Mean reward: 5.3125
Step: 114688	Mean reward: 4.375
Step: 122880	Mean reward: 4.375
Step: 131072	Mean reward: 6.875
Step: 139264	Mean reward: 8.75
Step: 147456	Mean reward: 9.0625
Step: 155648	Mean reward: 11.5625
Step: 163840	Mean reward: 10.9375
Step: 172032	Mean reward: 13.4375
Step: 180224	Mean reward: 16.25
Step: 188416	Mean reward: 15.625
Step: 196608	Mean reward: 23.125
Step: 204800	Mean reward: 20.3125
Step: 212992	Mean reward: 20.0
Step: 221184	Mean reward: 21.25
Step: 229376	Mean reward: 20.3125
Step: 237568	Mean reward: 22.1875
Step: 245760	Mean reward: 26.25
Step: 253952	Mean reward: 22.8125
Step: 262144	Mean reward: 25.3125
Step: 270336	Mean reward: 25.3125
Step: 278528	Mean reward: 17.8125
Step: 286720	Mean reward: 20.3125
Step: 294912	Mean reward: 24.6875
Step: 303104	Mean reward: 24.0625
Step: 311296	Mean reward: 20.625
Step: 319488	Mean reward: 28.125
Step: 327680	Mean reward: 24.0625
Step: 335872	Mean reward: 20.9375
Step: 344064	Mean reward: 20.625
Step: 352256	Mean reward: 20.625
Step: 360448	Mean reward: 22.1875
Step: 368640	Mean reward: 22.8125
Step: 376832	Mean reward: 18.4375
Step: 385024	Mean reward: 26.875
Step: 393216	Mean reward: 23.125
Step: 401408	Mean reward: 20.625
Step: 409600	Mean reward: 22.8125
Step: 417792	Mean reward: 22.1875
Step: 425984	Mean reward: 21.875
Step: 434176	Mean reward: 21.875
Step: 442368	Mean reward: 22.1875
Step: 450560	Mean reward: 24.6875
Step: 458752	Mean reward: 24.6875
Step: 466944	Mean reward: 21.875
Step: 475136	Mean reward: 24.6875
Step: 483328	Mean reward: 25.3125
Step: 491520	Mean reward: 25.0
Step: 499712	Mean reward: 26.5625
Step: 507904	Mean reward: 22.8125
Step: 516096	Mean reward: 21.875
Step: 524288	Mean reward: 24.6875
Step: 532480	Mean reward: 22.5
Step: 540672	Mean reward: 25.3125
Step: 548864	Mean reward: 22.5
Step: 557056	Mean reward: 20.3125
Step: 565248	Mean reward: 21.5625
Step: 573440	Mean reward: 21.25
Step: 581632	Mean reward: 23.75
Step: 589824	Mean reward: 21.25
Step: 598016	Mean reward: 23.75
Step: 606208	Mean reward: 24.6875
Step: 614400	Mean reward: 20.9375
Step: 622592	Mean reward: 23.4375
Step: 630784	Mean reward: 23.75
Step: 638976	Mean reward: 20.625
Step: 647168	Mean reward: 27.1875
Step: 655360	Mean reward: 25.625
Step: 663552	Mean reward: 26.875
Step: 671744	Mean reward: 25.3125
Step: 679936	Mean reward: 24.6875
Step: 688128	Mean reward: 25.3125
Step: 696320	Mean reward: 21.875
Step: 704512	Mean reward: 21.25
Step: 712704	Mean reward: 24.0625
Step: 720896	Mean reward: 22.8125
Step: 729088	Mean reward: 16.875
Step: 737280	Mean reward: 20.0
Step: 745472	Mean reward: 21.25
Step: 753664	Mean reward: 21.875
Step: 761856	Mean reward: 19.6875
Step: 770048	Mean reward: 15.9375
Step: 778240	Mean reward: 17.1875
Step: 786432	Mean reward: 22.5
Step: 794624	Mean reward: 20.9375
Step: 802816	Mean reward: 20.0
Step: 811008	Mean reward: 18.4375
Step: 819200	Mean reward: 19.6875
Step: 827392	Mean reward: 21.875
Step: 835584	Mean reward: 25.0
Step: 843776	Mean reward: 18.4375
Step: 851968	Mean reward: 17.5
Step: 860160	Mean reward: 19.375
Step: 868352	Mean reward: 17.8125
Step: 876544	Mean reward: 17.5
Step: 884736	Mean reward: 17.1875
Step: 892928	Mean reward: 17.8125
Step: 901120	Mean reward: 18.125
Step: 909312	Mean reward: 17.5
Step: 917504	Mean reward: 15.625
Step: 925696	Mean reward: 20.9375
Step: 933888	Mean reward: 18.125
Step: 942080	Mean reward: 16.875
Step: 950272	Mean reward: 18.75
Step: 958464	Mean reward: 13.4375
Step: 966656	Mean reward: 16.25
Step: 974848	Mean reward: 18.4375
Step: 983040	Mean reward: 15.3125
Step: 991232	Mean reward: 20.0
Step: 999424	Mean reward: 21.5625
Step: 1007616	Mean reward: 17.5
Step: 1015808	Mean reward: 23.125
Step: 1024000	Mean reward: 19.375
Step: 1032192	Mean reward: 20.625
Step: 1040384	Mean reward: 19.0625
Step: 1048576	Mean reward: 22.1875
Step: 1056768	Mean reward: 21.875
Step: 1064960	Mean reward: 20.0
Step: 1073152	Mean reward: 18.125
Step: 1081344	Mean reward: 20.3125
Step: 1089536	Mean reward: 19.6875
Step: 1097728	Mean reward: 15.3125
Step: 1105920	Mean reward: 18.125
Step: 1114112	Mean reward: 20.625
Step: 1122304	Mean reward: 17.1875
Step: 1130496	Mean reward: 19.375
Step: 1138688	Mean reward: 17.8125
Step: 1146880	Mean reward: 21.25
Step: 1155072	Mean reward: 19.6875
Step: 1163264	Mean reward: 15.3125
Step: 1171456	Mean reward: 17.1875
Step: 1179648	Mean reward: 14.375
Step: 1187840	Mean reward: 19.0625
Step: 1196032	Mean reward: 18.4375
Step: 1204224	Mean reward: 20.0
Step: 1212416	Mean reward: 17.1875
Step: 1220608	Mean reward: 15.0
Step: 1228800	Mean reward: 18.4375
Step: 1236992	Mean reward: 17.1875
Step: 1245184	Mean reward: 16.875
Step: 1253376	Mean reward: 15.625
Step: 1261568	Mean reward: 16.25
Step: 1269760	Mean reward: 14.375
Step: 1277952	Mean reward: 14.6875
Step: 1286144	Mean reward: 14.0625
Step: 1294336	Mean reward: 14.375
Step: 1302528	Mean reward: 12.8125
Step: 1310720	Mean reward: 9.375
Step: 1318912	Mean reward: 9.375
Step: 1327104	Mean reward: 16.875
Step: 1335296	Mean reward: 12.1875
Step: 1343488	Mean reward: 15.625
Step: 1351680	Mean reward: 12.8125
Step: 1359872	Mean reward: 11.25
Step: 1368064	Mean reward: 10.625
Step: 1376256	Mean reward: 10.0
Step: 1384448	Mean reward: 11.5625
Step: 1392640	Mean reward: 12.1875
Step: 1400832	Mean reward: 11.25
Step: 1409024	Mean reward: 8.75
Step: 1417216	Mean reward: 9.0625
Step: 1425408	Mean reward: 12.8125
Step: 1433600	Mean reward: 6.875
Step: 1441792	Mean reward: 7.5
Step: 1449984	Mean reward: 9.6875
Step: 1458176	Mean reward: 10.9375
Step: 1466368	Mean reward: 11.875
Step: 1474560	Mean reward: 8.4375
Step: 1482752	Mean reward: 10.9375
Step: 1490944	Mean reward: 8.75
Step: 1499136	Mean reward: 6.875
Step: 1507328	Mean reward: 8.125
Step: 1515520	Mean reward: 6.5625
Step: 1523712	Mean reward: 7.1875
Step: 1531904	Mean reward: 10.3125
Step: 1540096	Mean reward: 10.3125
Step: 1548288	Mean reward: 11.25
Step: 1556480	Mean reward: 8.125
Step: 1564672	Mean reward: 10.0
Step: 1572864	Mean reward: 9.0625
Step: 1581056	Mean reward: 10.0
Step: 1589248	Mean reward: 12.1875
Step: 1597440	Mean reward: 9.375
Step: 1605632	Mean reward: 13.125
Step: 1613824	Mean reward: 10.0
Step: 1622016	Mean reward: 13.4375
Step: 1630208	Mean reward: 10.0
Step: 1638400	Mean reward: 15.625
Step: 1646592	Mean reward: 10.625
Step: 1654784	Mean reward: 7.8125
Step: 1662976	Mean reward: 9.6875
Step: 1671168	Mean reward: 9.0625
Step: 1679360	Mean reward: 9.0625
Step: 1687552	Mean reward: 12.5
Step: 1695744	Mean reward: 8.75
Step: 1703936	Mean reward: 13.75
Step: 1712128	Mean reward: 13.4375
Step: 1720320	Mean reward: 9.0625
Step: 1728512	Mean reward: 6.5625
Step: 1736704	Mean reward: 13.125
Step: 1744896	Mean reward: 12.1875
Step: 1753088	Mean reward: 11.5625
Step: 1761280	Mean reward: 12.1875
Step: 1769472	Mean reward: 14.375
Step: 1777664	Mean reward: 15.9375
Step: 1785856	Mean reward: 15.3125
Step: 1794048	Mean reward: 18.75
Step: 1802240	Mean reward: 17.1875
Step: 1810432	Mean reward: 13.75
Step: 1818624	Mean reward: 13.75
Step: 1826816	Mean reward: 15.625
Step: 1835008	Mean reward: 16.25
Step: 1843200	Mean reward: 12.5
Step: 1851392	Mean reward: 16.5625
Step: 1859584	Mean reward: 15.0
Step: 1867776	Mean reward: 11.25
Step: 1875968	Mean reward: 15.3125
Step: 1884160	Mean reward: 15.3125
Step: 1892352	Mean reward: 12.5
Step: 1900544	Mean reward: 9.0625
Step: 1908736	Mean reward: 10.9375
Step: 1916928	Mean reward: 10.625
Step: 1925120	Mean reward: 10.9375
Step: 1933312	Mean reward: 14.0625
Step: 1941504	Mean reward: 11.875
Step: 1949696	Mean reward: 10.9375
Step: 1957888	Mean reward: 8.75
Step: 1966080	Mean reward: 12.1875
Step: 1974272	Mean reward: 11.875
Step: 1982464	Mean reward: 11.5625
Step: 1990656	Mean reward: 15.625
Step: 1998848	Mean reward: 9.375
Step: 2007040	Mean reward: 10.625
Step: 2015232	Mean reward: 11.25
Step: 2023424	Mean reward: 12.1875
Step: 2031616	Mean reward: 8.4375
Step: 2039808	Mean reward: 13.75
Step: 2048000	Mean reward: 8.4375
Step: 2056192	Mean reward: 10.9375
Step: 2064384	Mean reward: 9.0625
Step: 2072576	Mean reward: 9.6875
Step: 2080768	Mean reward: 7.1875
Step: 2088960	Mean reward: 11.875
Step: 2097152	Mean reward: 14.6875
Step: 2105344	Mean reward: 12.8125
Step: 2113536	Mean reward: 9.0625
Step: 2121728	Mean reward: 12.8125
Step: 2129920	Mean reward: 13.125
Step: 2138112	Mean reward: 12.1875
Step: 2146304	Mean reward: 13.75
Step: 2154496	Mean reward: 8.75
Step: 2162688	Mean reward: 10.0
Step: 2170880	Mean reward: 10.625
Step: 2179072	Mean reward: 6.875
Step: 2187264	Mean reward: 6.875
Step: 2195456	Mean reward: 13.125
Step: 2203648	Mean reward: 9.6875
Step: 2211840	Mean reward: 14.0625
Step: 2220032	Mean reward: 15.3125
Step: 2228224	Mean reward: 10.9375
Step: 2236416	Mean reward: 14.6875
Step: 2244608	Mean reward: 12.1875
Step: 2252800	Mean reward: 13.75
Step: 2260992	Mean reward: 11.5625
Step: 2269184	Mean reward: 8.4375
Step: 2277376	Mean reward: 13.75
Step: 2285568	Mean reward: 12.8125
Step: 2293760	Mean reward: 12.8125
Step: 2301952	Mean reward: 9.6875
Step: 2310144	Mean reward: 9.6875
Step: 2318336	Mean reward: 12.1875
Step: 2326528	Mean reward: 9.375
Step: 2334720	Mean reward: 10.625
Step: 2342912	Mean reward: 10.9375
Step: 2351104	Mean reward: 12.8125
Step: 2359296	Mean reward: 11.5625
Step: 2367488	Mean reward: 16.25
Step: 2375680	Mean reward: 11.875
Step: 2383872	Mean reward: 9.0625
Step: 2392064	Mean reward: 11.5625
Step: 2400256	Mean reward: 14.6875
Step: 2408448	Mean reward: 13.75
Step: 2416640	Mean reward: 13.75
Step: 2424832	Mean reward: 13.75
Step: 2433024	Mean reward: 10.3125
Step: 2441216	Mean reward: 14.0625
Step: 2449408	Mean reward: 13.75
Step: 2457600	Mean reward: 11.875
Step: 2465792	Mean reward: 12.1875
Step: 2473984	Mean reward: 13.75
Step: 2482176	Mean reward: 13.4375
Step: 2490368	Mean reward: 17.1875
Step: 2498560	Mean reward: 14.6875
Step: 2506752	Mean reward: 10.625
Step: 2514944	Mean reward: 11.5625
Step: 2523136	Mean reward: 14.375
Step: 2531328	Mean reward: 15.0
Step: 2539520	Mean reward: 10.0
Step: 2547712	Mean reward: 9.375
Step: 2555904	Mean reward: 14.375
Step: 2564096	Mean reward: 12.1875
Step: 2572288	Mean reward: 15.0
Step: 2580480	Mean reward: 11.25
Step: 2588672	Mean reward: 10.0
Step: 2596864	Mean reward: 8.75
Step: 2605056	Mean reward: 11.875
Step: 2613248	Mean reward: 13.4375
Step: 2621440	Mean reward: 17.5
Step: 2629632	Mean reward: 14.6875
Step: 2637824	Mean reward: 13.75
Step: 2646016	Mean reward: 9.6875
Step: 2654208	Mean reward: 9.0625
Step: 2662400	Mean reward: 13.75
Step: 2670592	Mean reward: 12.5
Step: 2678784	Mean reward: 9.0625
Step: 2686976	Mean reward: 9.6875
Step: 2695168	Mean reward: 10.3125
Step: 2703360	Mean reward: 6.5625
Step: 2711552	Mean reward: 17.1875
Step: 2719744	Mean reward: 12.8125
Step: 2727936	Mean reward: 13.75
Step: 2736128	Mean reward: 15.0
Step: 2744320	Mean reward: 10.9375
Step: 2752512	Mean reward: 11.875
Step: 2760704	Mean reward: 13.125
Step: 2768896	Mean reward: 12.5
Step: 2777088	Mean reward: 12.5
Step: 2785280	Mean reward: 12.8125
Step: 2793472	Mean reward: 14.375
Step: 2801664	Mean reward: 10.625
Step: 2809856	Mean reward: 10.0
Step: 2818048	Mean reward: 15.625
Step: 2826240	Mean reward: 11.875
Step: 2834432	Mean reward: 11.25
Step: 2842624	Mean reward: 18.75
Step: 2850816	Mean reward: 15.9375
Step: 2859008	Mean reward: 16.25
Step: 2867200	Mean reward: 8.4375
Step: 2875392	Mean reward: 11.25
Step: 2883584	Mean reward: 10.3125
Step: 2891776	Mean reward: 10.9375
Step: 2899968	Mean reward: 11.875
Step: 2908160	Mean reward: 10.625
Step: 2916352	Mean reward: 9.6875
Step: 2924544	Mean reward: 13.75
Step: 2932736	Mean reward: 7.1875
Step: 2940928	Mean reward: 8.125
Step: 2949120	Mean reward: 7.5
Step: 2957312	Mean reward: 12.1875
Step: 2965504	Mean reward: 10.625
Step: 2973696	Mean reward: 9.6875
Step: 2981888	Mean reward: 6.875
Step: 2990080	Mean reward: 6.5625
Step: 2998272	Mean reward: 8.75
Step: 3006464	Mean reward: 11.25
Step: 3014656	Mean reward: 11.5625
Step: 3022848	Mean reward: 12.5
Step: 3031040	Mean reward: 16.5625
Step: 3039232	Mean reward: 7.8125
Step: 3047424	Mean reward: 11.875
Step: 3055616	Mean reward: 9.375
Step: 3063808	Mean reward: 8.125
Step: 3072000	Mean reward: 7.5
Step: 3080192	Mean reward: 13.125
Step: 3088384	Mean reward: 10.0
Step: 3096576	Mean reward: 10.0
Step: 3104768	Mean reward: 10.3125
Step: 3112960	Mean reward: 9.375
Step: 3121152	Mean reward: 7.8125
Step: 3129344	Mean reward: 15.0
Step: 3137536	Mean reward: 10.625
Step: 3145728	Mean reward: 8.75
Step: 3153920	Mean reward: 8.4375
Step: 3162112	Mean reward: 9.375
Step: 3170304	Mean reward: 10.9375
Step: 3178496	Mean reward: 10.0
Step: 3186688	Mean reward: 5.9375
Step: 3194880	Mean reward: 8.4375
Step: 3203072	Mean reward: 14.0625
Step: 3211264	Mean reward: 12.5
Step: 3219456	Mean reward: 17.5
Step: 3227648	Mean reward: 16.5625
Step: 3235840	Mean reward: 16.5625
Step: 3244032	Mean reward: 13.125
Step: 3252224	Mean reward: 10.625
Step: 3260416	Mean reward: 11.25
Step: 3268608	Mean reward: 10.9375
Step: 3276800	Mean reward: 12.8125
Step: 3284992	Mean reward: 12.5
Step: 3293184	Mean reward: 10.0
Step: 3301376	Mean reward: 12.1875
Step: 3309568	Mean reward: 17.5
Step: 3317760	Mean reward: 16.25
Step: 3325952	Mean reward: 14.6875
Step: 3334144	Mean reward: 12.1875
Step: 3342336	Mean reward: 10.625
Step: 3350528	Mean reward: 15.3125
Step: 3358720	Mean reward: 5.625
Step: 3366912	Mean reward: 13.125
Step: 3375104	Mean reward: 13.75
Step: 3383296	Mean reward: 12.1875
Step: 3391488	Mean reward: 11.5625
Step: 3399680	Mean reward: 14.0625
Step: 3407872	Mean reward: 13.75
Step: 3416064	Mean reward: 13.125

------------------------------------------------------------
Sender: LSF System <lsfadmin@n-62-20-14>
Subject: Job 8555500: <myJob> in cluster <dcc> Exited

Job <myJob> was submitted from host <gbarlogin2> by user <s192576> in cluster <dcc> at Thu Dec 10 19:59:22 2020
Job was executed on host(s) <n-62-20-14>, in queue <gpuv100>, as user <s192576> in cluster <dcc> at Thu Dec 10 19:59:24 2020
</zhome/25/b/144438> was used as the home directory.
</zhome/25/b/144438/DeepLearningProject> was used as the working directory.
Started at Thu Dec 10 19:59:24 2020
Terminated at Thu Dec 10 22:42:54 2020
Results reported at Thu Dec 10 22:42:54 2020

Your job looked like:

------------------------------------------------------------
# LSBATCH: User input
#!/bin/sh
#BSUB -q gpuv100
#BSUB -gpu "num=1"
#BSUB -J myJob
#BSUB -n 1
#BSUB -W 10:00
#BSUB -R "rusage[mem=32GB]"
#BSUB -o %J.out
#BSUB -e %J.err

module load python3/3.8.0
module load cuda/8.0
module load cudnn/v7.0-prod-cuda8

unset PYTHONHOME
unset PYTHONPATH

# export PATH="$HOME/.local/bin:$PATH"

cd ~/DeepLearning/DeepLearningProject

echo "Running script"
python3 training.py --run_name 500level8e6 --total_steps 8e6 --num_levels 500

------------------------------------------------------------

TERM_OWNER: job killed by owner.
Exited with exit code 130.

Resource usage summary:

    CPU time :                                   9776.59 sec.
    Max Memory :                                 9490 MB
    Average Memory :                             9387.88 MB
    Total Requested Memory :                     32768.00 MB
    Delta Memory :                               23278.00 MB
    Max Swap :                                   -
    Max Processes :                              4
    Max Threads :                                13
    Run time :                                   9844 sec.
    Turnaround time :                            9812 sec.

The output (if any) is above this job summary.



PS:

Read file <8555500.err> for stderr output of this job.

