Running script
Observation space: Box(0.0, 1.0, (3, 64, 64), float32)
Action space: 15
Step: 8192	Mean reward: 0.625
Step: 16384	Mean reward: 0.625

------------------------------------------------------------
Sender: LSF System <lsfadmin@n-62-20-14>
Subject: Job 8555498: <myJob> in cluster <dcc> Exited

Job <myJob> was submitted from host <gbarlogin2> by user <s192576> in cluster <dcc> at Thu Dec 10 19:57:24 2020
Job was executed on host(s) <n-62-20-14>, in queue <gpuv100>, as user <s192576> in cluster <dcc> at Thu Dec 10 19:57:26 2020
</zhome/25/b/144438> was used as the home directory.
</zhome/25/b/144438/DeepLearningProject> was used as the working directory.
Started at Thu Dec 10 19:57:26 2020
Terminated at Thu Dec 10 19:58:42 2020
Results reported at Thu Dec 10 19:58:42 2020

Your job looked like:

------------------------------------------------------------
# LSBATCH: User input
#!/bin/sh
#BSUB -q gpuv100
#BSUB -gpu "num=1"
#BSUB -J myJob
#BSUB -n 1
#BSUB -W 10:00
#BSUB -R "rusage[mem=32GB]"
#BSUB -o %J.out
#BSUB -e %J.err

module load python3/3.8.0
module load cuda/8.0
module load cudnn/v7.0-prod-cuda8

unset PYTHONHOME
unset PYTHONPATH

# export PATH="$HOME/.local/bin:$PATH"

cd ~/DeepLearning/DeepLearningProject

echo "Running script"
python3 training.py --run_name 500level8e6 --total_steps 8e6 --num_levels 500

------------------------------------------------------------

TERM_OWNER: job killed by owner.
Exited with exit code 130.

Resource usage summary:

    CPU time :                                   68.89 sec.
    Max Memory :                                 9188 MB
    Average Memory :                             6864.00 MB
    Total Requested Memory :                     32768.00 MB
    Delta Memory :                               23580.00 MB
    Max Swap :                                   -
    Max Processes :                              4
    Max Threads :                                13
    Run time :                                   178 sec.
    Turnaround time :                            78 sec.

The output (if any) is above this job summary.



PS:

Read file <8555498.err> for stderr output of this job.

