Running script
Observation space: Box(0.0, 1.0, (3, 64, 64), float32)
Action space: 15
Step: 8192	Mean reward: 0.9375
Completed training!

------------------------------------------------------------
Sender: LSF System <lsfadmin@n-62-20-3>
Subject: Job 8555492: <name> in cluster <dcc> Done

Job <name> was submitted from host <gbarlogin2> by user <s192576> in cluster <dcc> at Thu Dec 10 19:53:22 2020
Job was executed on host(s) <n-62-20-3>, in queue <gpuv100>, as user <s192576> in cluster <dcc> at Thu Dec 10 19:53:23 2020
</zhome/25/b/144438> was used as the home directory.
</zhome/25/b/144438/DeepLearningProject> was used as the working directory.
Started at Thu Dec 10 19:53:23 2020
Terminated at Thu Dec 10 19:54:08 2020
Results reported at Thu Dec 10 19:54:08 2020

Your job looked like:

------------------------------------------------------------
# LSBATCH: User input
#!/bin/sh
#BSUB -q gpuv100
#BSUB -gpu "num=1"
#BSUB -J myJob
#BSUB -n 1
#BSUB -W 10:00
#BSUB -R "rusage[mem=32GB]"
#BSUB -o %J.out
#BSUB -e %J.err

module load python3/3.8.0
module load cuda/8.0
module load cudnn/v7.0-prod-cuda8

unset PYTHONHOME
unset PYTHONPATH

# export PATH="$HOME/.local/bin:$PATH"

cd ~/DeepLearning/DeepLearningProject

echo "Running script"
python3 training.py --run_name testName --total_steps 100 --num_levels 50

------------------------------------------------------------

Successfully completed.

Resource usage summary:

    CPU time :                                   30.63 sec.
    Max Memory :                                 1233 MB
    Average Memory :                             1233.00 MB
    Total Requested Memory :                     32768.00 MB
    Delta Memory :                               31535.00 MB
    Max Swap :                                   -
    Max Processes :                              4
    Max Threads :                                12
    Run time :                                   94 sec.
    Turnaround time :                            46 sec.

The output (if any) is above this job summary.



PS:

Read file <8555492.err> for stderr output of this job.

